|--- worst perimeter <= 105.95
|   |--- worst concave points <= 0.14
|   |   |--- area error <= 48.98
|   |   |   |--- worst texture <= 30.15
|   |   |   |   |--- class: 1
|   |   |   |--- worst texture >  30.15
|   |   |   |   |--- texture error <= 0.86
|   |   |   |   |   |--- class: 0
|   |   |   |   |--- texture error >  0.86
|   |   |   |   |   |--- class: 1
|   |   |--- area error >  48.98
|   |   |   |--- mean compactness <= 0.06
|   |   |   |   |--- class: 0
|   |   |   |--- mean compactness >  0.06
|   |   |   |   |--- class: 1
|   |--- worst concave points >  0.14
|   |   |--- worst texture <= 27.58
|   |   |   |--- worst symmetry <= 0.36
|   |   |   |   |--- class: 1
|   |   |   |--- worst symmetry >  0.36
|   |   |   |   |--- concave points error <= 0.03
|   |   |   |   |   |--- class: 0
|   |   |   |   |--- concave points error >  0.03
|   |   |   |   |   |--- class: 1
|   |   |--- worst texture >  27.58
|   |   |   |--- class: 0
|--- worst perimeter >  105.95
|   |--- worst perimeter <= 117.45
|   |   |--- worst smoothness <= 0.14
|   |   |   |--- worst texture <= 25.67
|   |   |   |   |--- class: 1
|   |   |   |--- worst texture >  25.67
|   |   |   |   |--- worst area <= 871.80
|   |   |   |   |   |--- class: 1
|   |   |   |   |--- worst area >  871.80
|   |   |   |   |   |--- class: 0
|   |   |--- worst smoothness >  0.14
|   |   |   |--- radius error <= 0.19
|   |   |   |   |--- class: 1
|   |   |   |--- radius error >  0.19
|   |   |   |   |--- class: 0
|   |--- worst perimeter >  117.45
|   |   |--- worst smoothness <= 0.10
|   |   |   |--- class: 1
|   |   |--- worst smoothness >  0.10
|   |   |   |--- class: 0
