|--- bmi <= -0.01
|   |--- s5 <= -0.03
|   |   |--- bmi <= -0.04
|   |   |   |--- s5 <= -0.06
|   |   |   |   |--- s3 <= 0.02
|   |   |   |   |   |--- class: 42.0
|   |   |   |   |--- s3 >  0.02
|   |   |   |   |   |--- class: 48.0
|   |   |   |--- s5 >  -0.06
|   |   |   |   |--- s2 <= -0.04
|   |   |   |   |   |--- class: 59.0
|   |   |   |   |--- s2 >  -0.04
|   |   |   |   |   |--- class: 72.0
|   |   |--- bmi >  -0.04
|   |   |   |--- bmi <= -0.03
|   |   |   |   |--- s2 <= -0.01
|   |   |   |   |   |--- class: 65.0
|   |   |   |   |--- s2 >  -0.01
|   |   |   |   |   |--- class: 50.0
|   |   |   |--- bmi >  -0.03
|   |   |   |   |--- s5 <= -0.04
|   |   |   |   |   |--- class: 43.0
|   |   |   |   |--- s5 >  -0.04
|   |   |   |   |   |--- class: 118.0
|   |--- s5 >  -0.03
|   |   |--- s3 <= -0.02
|   |   |   |--- s5 <= 0.02
|   |   |   |   |--- bp <= -0.03
|   |   |   |   |   |--- class: 104.0
|   |   |   |   |--- bp >  -0.03
|   |   |   |   |   |--- class: 91.0
|   |   |   |--- s5 >  0.02
|   |   |   |   |--- s1 <= 0.02
|   |   |   |   |   |--- class: 58.0
|   |   |   |   |--- s1 >  0.02
|   |   |   |   |   |--- class: 120.0
|   |   |--- s3 >  -0.02
|   |   |   |--- s5 <= -0.01
|   |   |   |   |--- bmi <= -0.03
|   |   |   |   |   |--- class: 53.0
|   |   |   |   |--- bmi >  -0.03
|   |   |   |   |   |--- class: 71.0
|   |   |   |--- s5 >  -0.01
|   |   |   |   |--- s3 <= 0.02
|   |   |   |   |   |--- class: 185.0
|   |   |   |   |--- s3 >  0.02
|   |   |   |   |   |--- class: 170.0
|--- bmi >  -0.01
|   |--- s4 <= 0.00
|   |   |--- s3 <= 0.01
|   |   |   |--- sex <= 0.00
|   |   |   |   |--- s6 <= -0.01
|   |   |   |   |   |--- class: 52.0
|   |   |   |   |--- s6 >  -0.01
|   |   |   |   |   |--- class: 275.0
|   |   |   |--- sex >  0.00
|   |   |   |   |--- bp <= 0.03
|   |   |   |   |   |--- class: 151.0
|   |   |   |   |--- bp >  0.03
|   |   |   |   |   |--- class: 178.0
|   |   |--- s3 >  0.01
|   |   |   |--- s3 <= 0.05
|   |   |   |   |--- s6 <= -0.01
|   |   |   |   |   |--- class: 141.0
|   |   |   |   |--- s6 >  -0.01
|   |   |   |   |   |--- class: 85.0
|   |   |   |--- s3 >  0.05
|   |   |   |   |--- s5 <= -0.01
|   |   |   |   |   |--- class: 182.0
|   |   |   |   |--- s5 >  -0.01
|   |   |   |   |   |--- class: 109.0
|   |--- s4 >  0.00
|   |   |--- s5 <= 0.04
|   |   |   |--- s1 <= 0.02
|   |   |   |   |--- bp <= 0.01
|   |   |   |   |   |--- class: 144.0
|   |   |   |   |--- bp >  0.01
|   |   |   |   |   |--- class: 257.0
|   |   |   |--- s1 >  0.02
|   |   |   |   |--- bmi <= 0.03
|   |   |   |   |   |--- class: 122.0
|   |   |   |   |--- bmi >  0.03
|   |   |   |   |   |--- class: 180.0
|   |   |--- s5 >  0.04
|   |   |   |--- bp <= 0.04
|   |   |   |   |--- s6 <= 0.04
|   |   |   |   |   |--- class: 67.0
|   |   |   |   |--- s6 >  0.04
|   |   |   |   |   |--- class: 220.0
|   |   |   |--- bp >  0.04
|   |   |   |   |--- s3 <= -0.05
|   |   |   |   |   |--- class: 248.0
|   |   |   |   |--- s3 >  -0.05
|   |   |   |   |   |--- class: 258.0
